{
  "stats": {
    "suites": 1,
    "tests": 3,
    "passes": 2,
    "pending": 0,
    "failures": 1,
    "start": "2020-04-05T08:51:31.294Z",
    "end": "2020-04-05T08:54:13.614Z",
    "duration": 162320,
    "testsRegistered": 3,
    "passPercent": 66.66666666666666,
    "pendingPercent": 0,
    "other": 0,
    "hasOther": false,
    "skipped": 0,
    "hasSkipped": false
  },
  "results": [
    {
      "uuid": "aaf571f2-631a-4bc2-be2b-12a1dd3e51e9",
      "title": "",
      "fullFile": "cypress\\integration\\crowdStreetSignup.spec.js",
      "file": "cypress\\integration\\crowdStreetSignup.spec.js",
      "beforeHooks": [],
      "afterHooks": [],
      "tests": [],
      "suites": [
        {
          "uuid": "417f959e-de9f-47b8-b1f3-396bfb013b19",
          "title": "crowdStreet signup process",
          "fullFile": "",
          "file": "",
          "beforeHooks": [],
          "afterHooks": [],
          "tests": [
            {
              "title": "navigates to account creation",
              "fullTitle": "crowdStreet signup process navigates to account creation",
              "timedOut": null,
              "duration": 10057,
              "state": "passed",
              "speed": "slow",
              "pass": true,
              "fail": false,
              "pending": false,
              "context": null,
              "code": "// Wait for response.status to be 200\ncy.visit(Cypress.config().baseurl).its('status').should('be', 200); //verify title is correct\ncy.title().should('contain', 'Marketplace | CrowdStreet'); //Click the create new account button\ncy.log('clicking the create account button');\ncy.get('.tablet-menu > .join-button').click(); //Verifying the new user account URL after user visits page\ncy.log('verifying URL for creating account');\ncy.url().should('include', '/invexp/accounts/create-account/');",
              "err": {},
              "uuid": "0ef59a78-0c63-4236-8961-9a2c821f2f90",
              "parentUUID": "417f959e-de9f-47b8-b1f3-396bfb013b19",
              "isHook": false,
              "skipped": false
            },
            {
              "title": "Entering the new user details ",
              "fullTitle": "crowdStreet signup process Entering the new user details ",
              "timedOut": null,
              "duration": 5158,
              "state": "passed",
              "speed": "slow",
              "pass": true,
              "fail": false,
              "pending": false,
              "context": null,
              "code": "// Automating the user input\ncy.log('Entering the user information');\ncy.creatingNewAccount();",
              "err": {},
              "uuid": "4bf7dde5-10cd-4a39-bbcb-ac4b4ec31104",
              "parentUUID": "417f959e-de9f-47b8-b1f3-396bfb013b19",
              "isHook": false,
              "skipped": false
            },
            {
              "title": "Verify account is created",
              "fullTitle": "crowdStreet signup process Verify account is created",
              "timedOut": null,
              "duration": 143931,
              "state": "failed",
              "speed": null,
              "pass": false,
              "fail": true,
              "pending": false,
              "context": null,
              "code": "//User will need to manually click the captacha\ncy.log('Manually Click On Captcha!');\ncy.wait(8000); //cy.get('<iframe>https://www.google.com/recaptcha/api2/anchor?ar=1&k=6LeIxAcTAAAAAJcZVRqyHh71UMIEGNQ_MXjiZKhI&co=aHR0cHM6Ly90ZXN0LmNyb3dkc3RyZWV0LmNvbTo0NDM.&hl=en&type=image&v=OOKISvkNnVD_m_9dreR_1S0n&theme=dark&size=normal&badge=bottomright&cb=3ntc0r6mse7a').click(screenLeft,console.log('Trying to bypass Captcha'));\ncy.log('Completing info');\ncy.get('#content-well > div.content.-accounts > div > div > div.css-pqgn5f.e9fk5m11.sc-bdVaJa.gqHuFm > div > div > div.account-creation-form-container.sc-bdVaJa.hgkmdP > button').click({\n  force: true\n}); //Verifies the title of user matches the new user name \ncy.log('verifying the name in popup matches account username');\ncy.get('.title').should('contain', Cypress.env('firstName')); //cy.get('.title').contains(\"Congrats, \" + Cypress.env('firstName')+'!');\nwaitOnIt();",
              "err": {
                "message": "AssertionError: Timed out retrying: expected '<span.title>' to contain 'jay'",
                "estack": "AssertionError: Timed out retrying: expected '<span.title>' to contain 'jay'\n    at applyChainer (https://test.crowdstreet.com/__cypress/runner/cypress_runner.js:131707:32)\n    at https://test.crowdstreet.com/__cypress/runner/cypress_runner.js:131748:16\n    at arrayReduce (https://test.crowdstreet.com/__cypress/runner/cypress_runner.js:18403:21)\n    at Function.reduce (https://test.crowdstreet.com/__cypress/runner/cypress_runner.js:27401:14)\n    at applyChainers (https://test.crowdstreet.com/__cypress/runner/cypress_runner.js:131738:18)\n    at tryCatcher (https://test.crowdstreet.com/__cypress/runner/cypress_runner.js:9059:23)\n    at Function.Promise.attempt.Promise.try (https://test.crowdstreet.com/__cypress/runner/cypress_runner.js:6333:29)\n    at Context.shouldFn (https://test.crowdstreet.com/__cypress/runner/cypress_runner.js:131752:23)\n    at Context.should (https://test.crowdstreet.com/__cypress/runner/cypress_runner.js:131767:23)\n    at https://test.crowdstreet.com/__cypress/runner/cypress_runner.js:127819:39\n    at assertions (https://test.crowdstreet.com/__cypress/runner/cypress_runner.js:128079:14)\n    at tryCatcher (https://test.crowdstreet.com/__cypress/runner/cypress_runner.js:9059:23)\n    at Object.gotValue (https://test.crowdstreet.com/__cypress/runner/cypress_runner.js:8203:18)\n    at Object.gotAccum (https://test.crowdstreet.com/__cypress/runner/cypress_runner.js:8190:25)\n    at Object.tryCatcher (https://test.crowdstreet.com/__cypress/runner/cypress_runner.js:9059:23)\n    at Promise._settlePromiseFromHandler (https://test.crowdstreet.com/__cypress/runner/cypress_runner.js:6994:31)",
                "diff": null
              },
              "uuid": "320175c2-b4d3-4e2a-86da-44f5b780add9",
              "parentUUID": "417f959e-de9f-47b8-b1f3-396bfb013b19",
              "isHook": false,
              "skipped": false
            }
          ],
          "suites": [],
          "passes": [
            "0ef59a78-0c63-4236-8961-9a2c821f2f90",
            "4bf7dde5-10cd-4a39-bbcb-ac4b4ec31104"
          ],
          "failures": [
            "320175c2-b4d3-4e2a-86da-44f5b780add9"
          ],
          "pending": [],
          "skipped": [],
          "duration": 159146,
          "root": false,
          "rootEmpty": false,
          "_timeout": 2000
        }
      ],
      "passes": [],
      "failures": [],
      "pending": [],
      "skipped": [],
      "duration": 0,
      "root": true,
      "rootEmpty": true,
      "_timeout": 2000
    }
  ],
  "meta": {
    "mocha": {
      "version": "5.2.0"
    },
    "mochawesome": {
      "options": {
        "quiet": true,
        "reportFilename": "mochawesome",
        "saveHtml": false,
        "saveJson": true,
        "consoleReporter": "spec",
        "useInlineDiffs": false
      },
      "version": "4.1.0"
    },
    "marge": {
      "options": {
        "reportDir": "integration-reports/integration/reports/mocha",
        "quiet": true,
        "html": false,
        "overwrite": false,
        "json": true
      },
      "version": "4.1.0"
    }
  }
}