{
  "stats": {
    "suites": 1,
    "tests": 3,
    "passes": 2,
    "pending": 0,
    "failures": 1,
    "start": "2020-04-05T09:05:21.559Z",
    "end": "2020-04-05T09:05:53.357Z",
    "duration": 31798,
    "testsRegistered": 3,
    "passPercent": 66.66666666666666,
    "pendingPercent": 0,
    "other": 0,
    "hasOther": false,
    "skipped": 0,
    "hasSkipped": false
  },
  "results": [
    {
      "uuid": "65dbe1af-752e-42fa-9a78-6656d8a869e8",
      "title": "",
      "fullFile": "cypress\\integration\\crowdStreetSignup.spec.js",
      "file": "cypress\\integration\\crowdStreetSignup.spec.js",
      "beforeHooks": [],
      "afterHooks": [],
      "tests": [],
      "suites": [
        {
          "uuid": "fd137c1e-7cf0-4045-881e-0e525d11ae84",
          "title": "crowdStreet signup process",
          "fullFile": "",
          "file": "",
          "beforeHooks": [],
          "afterHooks": [],
          "tests": [
            {
              "title": "navigates to account creation",
              "fullTitle": "crowdStreet signup process navigates to account creation",
              "timedOut": null,
              "duration": 9267,
              "state": "passed",
              "speed": "slow",
              "pass": true,
              "fail": false,
              "pending": false,
              "context": null,
              "code": "// Wait for response.status to be 200\ncy.visit(Cypress.config().baseurl).its('status').should('be', 200); //verify title is correct\ncy.title().should('contain', 'Marketplace | CrowdStreet'); //Click the create new account button\ncy.log('clicking the create account button');\ncy.get('.tablet-menu > .join-button').click(); //Verifying the new user account URL after user visits page\ncy.log('verifying URL for creating account');\ncy.url().should('include', '/invexp/accounts/create-account/');",
              "err": {},
              "uuid": "8c8848e8-603d-41f3-931d-0150f7894c00",
              "parentUUID": "fd137c1e-7cf0-4045-881e-0e525d11ae84",
              "isHook": false,
              "skipped": false
            },
            {
              "title": "Entering the new user details ",
              "fullTitle": "crowdStreet signup process Entering the new user details ",
              "timedOut": null,
              "duration": 4076,
              "state": "passed",
              "speed": "slow",
              "pass": true,
              "fail": false,
              "pending": false,
              "context": null,
              "code": "// Automating the user input\ncy.log('Entering the user information');\ncy.creatingNewAccount();",
              "err": {},
              "uuid": "6f76fd32-fc9e-4365-a0ca-7aee78d20098",
              "parentUUID": "fd137c1e-7cf0-4045-881e-0e525d11ae84",
              "isHook": false,
              "skipped": false
            },
            {
              "title": "Verify account is created",
              "fullTitle": "crowdStreet signup process Verify account is created",
              "timedOut": null,
              "duration": 15403,
              "state": "failed",
              "speed": null,
              "pass": false,
              "fail": true,
              "pending": false,
              "context": null,
              "code": "//User will need to manually click the captacha\ncy.log('Manually Click On Captcha!');\ncy.wait(8000); //cy.get('<iframe>https://www.google.com/recaptcha/api2/anchor?ar=1&k=6LeIxAcTAAAAAJcZVRqyHh71UMIEGNQ_MXjiZKhI&co=aHR0cHM6Ly90ZXN0LmNyb3dkc3RyZWV0LmNvbTo0NDM.&hl=en&type=image&v=OOKISvkNnVD_m_9dreR_1S0n&theme=dark&size=normal&badge=bottomright&cb=3ntc0r6mse7a').click(screenLeft,console.log('Trying to bypass Captcha'));\ncy.log('Completing info');\ncy.get('#content-well > div.content.-accounts > div > div > div.css-pqgn5f.e9fk5m11.sc-bdVaJa.gqHuFm > div > div > div.account-creation-form-container.sc-bdVaJa.hgkmdP > button').click({\n  force: true\n}); //Verifies the title of user matches the new user name \ncy.log('verifying the name in popup matches account username');\ncy.get('.title').should('contain', Cypress.env('firstName')); //cy.get('.title').contains(\"Congrats, \" + Cypress.env('firstName')+'!');\nwaitOnIt();",
              "err": {
                "message": "AssertionError: Timed out retrying: expected '<span.title>' to contain 'jay'",
                "estack": "AssertionError: Timed out retrying: expected '<span.title>' to contain 'jay'\n    at applyChainer (https://test.crowdstreet.com/__cypress/runner/cypress_runner.js:131707:32)\n    at https://test.crowdstreet.com/__cypress/runner/cypress_runner.js:131748:16\n    at arrayReduce (https://test.crowdstreet.com/__cypress/runner/cypress_runner.js:18403:21)\n    at Function.reduce (https://test.crowdstreet.com/__cypress/runner/cypress_runner.js:27401:14)\n    at applyChainers (https://test.crowdstreet.com/__cypress/runner/cypress_runner.js:131738:18)\n    at tryCatcher (https://test.crowdstreet.com/__cypress/runner/cypress_runner.js:9059:23)\n    at Function.Promise.attempt.Promise.try (https://test.crowdstreet.com/__cypress/runner/cypress_runner.js:6333:29)\n    at Context.shouldFn (https://test.crowdstreet.com/__cypress/runner/cypress_runner.js:131752:23)\n    at Context.should (https://test.crowdstreet.com/__cypress/runner/cypress_runner.js:131767:23)\n    at https://test.crowdstreet.com/__cypress/runner/cypress_runner.js:127819:39\n    at assertions (https://test.crowdstreet.com/__cypress/runner/cypress_runner.js:128079:14)\n    at tryCatcher (https://test.crowdstreet.com/__cypress/runner/cypress_runner.js:9059:23)\n    at Object.gotValue (https://test.crowdstreet.com/__cypress/runner/cypress_runner.js:8203:18)\n    at Object.gotAccum (https://test.crowdstreet.com/__cypress/runner/cypress_runner.js:8190:25)\n    at Object.tryCatcher (https://test.crowdstreet.com/__cypress/runner/cypress_runner.js:9059:23)\n    at Promise._settlePromiseFromHandler (https://test.crowdstreet.com/__cypress/runner/cypress_runner.js:6994:31)",
                "diff": null
              },
              "uuid": "dcbfcb86-8dbe-44d8-a3c5-990bd30c6dc5",
              "parentUUID": "fd137c1e-7cf0-4045-881e-0e525d11ae84",
              "isHook": false,
              "skipped": false
            }
          ],
          "suites": [],
          "passes": [
            "8c8848e8-603d-41f3-931d-0150f7894c00",
            "6f76fd32-fc9e-4365-a0ca-7aee78d20098"
          ],
          "failures": [
            "dcbfcb86-8dbe-44d8-a3c5-990bd30c6dc5"
          ],
          "pending": [],
          "skipped": [],
          "duration": 28746,
          "root": false,
          "rootEmpty": false,
          "_timeout": 2000
        }
      ],
      "passes": [],
      "failures": [],
      "pending": [],
      "skipped": [],
      "duration": 0,
      "root": true,
      "rootEmpty": true,
      "_timeout": 2000
    }
  ],
  "meta": {
    "mocha": {
      "version": "5.2.0"
    },
    "mochawesome": {
      "options": {
        "quiet": false,
        "reportFilename": "mochawesome",
        "saveHtml": true,
        "saveJson": true,
        "consoleReporter": "spec",
        "useInlineDiffs": false
      },
      "version": "4.1.0"
    },
    "marge": {
      "options": {
        "reportDir": "integration-reports/integration/reports/mocha",
        "quiet": false,
        "html": true,
        "overwrite": false,
        "json": true
      },
      "version": "4.1.0"
    }
  }
}